app/build/intermediates/manifest_merge_blame_file/debug/manifest-merger-blame-debug-report.txt
1<?xml version="1.0" encoding="utf-8"?>
2<manifest xmlns:android="http://schemas.android.com/apk/res/android"
3    package="it.univaq.mwt.ifame"
4    android:versionCode="1"
5    android:versionName="1.0" >
6
7    <uses-sdk
8        android:minSdkVersion="22"
8-->src/main/AndroidManifest.xml
9        android:targetSdkVersion="29" />
9-->src/main/AndroidManifest.xml
10
11    <uses-permission android:name="android.permission.INTERNET" />
11-->src/main/AndroidManifest.xml:5:5-67
11-->src/main/AndroidManifest.xml:5:22-64
12    <uses-permission android:name="android.permission.ACCESS_FINE_LOCATION" />
12-->src/main/AndroidManifest.xml:6:5-79
12-->src/main/AndroidManifest.xml:6:22-76
13    <uses-permission android:name="android.permission.ACCESS_COARSE_LOCATION" />
13-->src/main/AndroidManifest.xml:7:5-81
13-->src/main/AndroidManifest.xml:7:22-78
14    <uses-permission android:name="android.permission.READ_EXTERNAL_STORAGE" />
14-->src/main/AndroidManifest.xml:8:5-80
14-->src/main/AndroidManifest.xml:8:22-77
15
16    <!-- Include required permissions for Google Maps API to run. -->
17    <uses-permission android:name="android.permission.ACCESS_NETWORK_STATE" />
17-->[com.google.android.gms:play-services-maps:17.0.0] AndroidManifest.xml:23:5-79
17-->[com.google.android.gms:play-services-maps:17.0.0] AndroidManifest.xml:23:22-76
18
19    <uses-feature
19-->[com.google.android.gms:play-services-maps:17.0.0] AndroidManifest.xml:26:5-28:35
20        android:glEsVersion="0x00020000"
20-->[com.google.android.gms:play-services-maps:17.0.0] AndroidManifest.xml:27:9-41
21        android:required="true" />
21-->[com.google.android.gms:play-services-maps:17.0.0] AndroidManifest.xml:28:9-32
22
23    <uses-permission android:name="android.permission.WAKE_LOCK" /> <!-- Required by older versions of Google Play services to create IID tokens -->
23-->[com.google.firebase:firebase-iid:21.0.0] AndroidManifest.xml:24:5-68
23-->[com.google.firebase:firebase-iid:21.0.0] AndroidManifest.xml:24:22-65
24    <uses-permission android:name="com.google.android.c2dm.permission.RECEIVE" />
24-->[com.google.firebase:firebase-iid:21.0.0] AndroidManifest.xml:26:5-82
24-->[com.google.firebase:firebase-iid:21.0.0] AndroidManifest.xml:26:22-79
25
26    <application
26-->src/main/AndroidManifest.xml:10:5-66:19
27        android:allowBackup="false"
27-->src/main/AndroidManifest.xml:11:9-36
28        android:appComponentFactory="androidx.core.app.CoreComponentFactory"
28-->[androidx.core:core:1.3.1] AndroidManifest.xml:24:18-86
29        android:debuggable="true"
30        android:icon="@mipmap/ic_launcher"
30-->src/main/AndroidManifest.xml:12:9-43
31        android:label="@string/app_name"
31-->src/main/AndroidManifest.xml:13:9-41
32        android:networkSecurityConfig="@xml/network_security_config"
32-->src/main/AndroidManifest.xml:18:9-69
33        android:roundIcon="@mipmap/ic_launcher_round"
33-->src/main/AndroidManifest.xml:14:9-54
34        android:supportsRtl="true"
34-->src/main/AndroidManifest.xml:15:9-35
35        android:testOnly="true"
36        android:theme="@style/AppTheme"
36-->src/main/AndroidManifest.xml:16:9-40
37        android:usesCleartextTraffic="true" >
37-->src/main/AndroidManifest.xml:17:9-44
38        <activity
38-->src/main/AndroidManifest.xml:19:9-21:52
39            android:name="it.univaq.mwt.ifame.activity.EventDetailActivity"
39-->src/main/AndroidManifest.xml:20:13-57
40            android:screenOrientation="portrait" />
40-->src/main/AndroidManifest.xml:21:13-49
41        <activity
41-->src/main/AndroidManifest.xml:22:9-24:52
42            android:name="it.univaq.mwt.ifame.activity.NewEventActivity"
42-->src/main/AndroidManifest.xml:23:13-54
43            android:screenOrientation="portrait" />
43-->src/main/AndroidManifest.xml:24:13-49
44        <activity
44-->src/main/AndroidManifest.xml:25:9-38:20
45            android:name="it.univaq.mwt.ifame.activity.BottomBarControllerActivity"
45-->src/main/AndroidManifest.xml:26:13-65
46            android:label="@string/title_activity_bottom_bar_controller"
46-->src/main/AndroidManifest.xml:27:13-73
47            android:screenOrientation="portrait" >
47-->src/main/AndroidManifest.xml:28:13-49
48            <intent-filter>
48-->src/main/AndroidManifest.xml:30:13-36:29
49                <action android:name="android.intent.action.GET_CONTENT" />
49-->src/main/AndroidManifest.xml:31:17-76
49-->src/main/AndroidManifest.xml:31:25-73
50
51                <data android:mimeType="image/*" />
51-->src/main/AndroidManifest.xml:32:17-52
51-->src/main/AndroidManifest.xml:32:23-49
52
53                <category android:name="android.intent.category.APP_GALLERY" />
53-->src/main/AndroidManifest.xml:34:17-80
53-->src/main/AndroidManifest.xml:34:27-77
54                <category android:name="android.intent.category.OPENABLE" />
54-->src/main/AndroidManifest.xml:35:17-77
54-->src/main/AndroidManifest.xml:35:27-74
55            </intent-filter>
56        </activity>
57        <activity
57-->src/main/AndroidManifest.xml:39:9-41:52
58            android:name="it.univaq.mwt.ifame.activity.SignUpActivity"
58-->src/main/AndroidManifest.xml:40:13-52
59            android:screenOrientation="portrait" />
59-->src/main/AndroidManifest.xml:41:13-49
60        <activity
60-->src/main/AndroidManifest.xml:42:9-50:20
61            android:name="it.univaq.mwt.ifame.activity.LoginActivity"
61-->src/main/AndroidManifest.xml:43:13-51
62            android:screenOrientation="portrait" >
62-->src/main/AndroidManifest.xml:44:13-49
63            <intent-filter>
63-->src/main/AndroidManifest.xml:45:13-49:29
64                <action android:name="android.intent.action.MAIN" />
64-->src/main/AndroidManifest.xml:46:17-69
64-->src/main/AndroidManifest.xml:46:25-66
65
66                <category android:name="android.intent.category.LAUNCHER" />
66-->src/main/AndroidManifest.xml:48:17-77
66-->src/main/AndroidManifest.xml:48:27-74
67            </intent-filter>
68        </activity>
69
70        <service android:name="it.univaq.mwt.ifame.service.NotificationService" >
70-->src/main/AndroidManifest.xml:52:9-56:19
70-->src/main/AndroidManifest.xml:52:18-61
71            <intent-filter>
71-->src/main/AndroidManifest.xml:53:13-55:29
72                <action android:name="com.google.firebase.MESSAGING_EVENT" />
72-->src/main/AndroidManifest.xml:54:17-78
72-->src/main/AndroidManifest.xml:54:25-75
73            </intent-filter>
74        </service>
75
76        <meta-data
76-->src/main/AndroidManifest.xml:58:9-60:47
77            android:name="com.google.android.maps.v2.API_KEY"
77-->src/main/AndroidManifest.xml:59:13-62
78            android:value="@string/map_api" />
78-->src/main/AndroidManifest.xml:60:13-44
79        <meta-data
79-->src/main/AndroidManifest.xml:61:9-63:57
80            android:name="preloaded_fonts"
80-->src/main/AndroidManifest.xml:62:13-43
81            android:resource="@array/preloaded_fonts" />
81-->src/main/AndroidManifest.xml:63:13-54
82
83        <!-- Needs to be explicitly declared on P+ -->
84        <uses-library
84-->[com.google.android.gms:play-services-maps:17.0.0] AndroidManifest.xml:33:9-35:40
85            android:name="org.apache.http.legacy"
85-->[com.google.android.gms:play-services-maps:17.0.0] AndroidManifest.xml:34:13-50
86            android:required="false" />
86-->[com.google.android.gms:play-services-maps:17.0.0] AndroidManifest.xml:35:13-37
87
88        <activity
88-->[com.google.firebase:firebase-auth:20.0.0] AndroidManifest.xml:27:9-34:50
89            android:name="com.google.firebase.auth.internal.FederatedSignInActivity"
89-->[com.google.firebase:firebase-auth:20.0.0] AndroidManifest.xml:28:13-85
90            android:excludeFromRecents="true"
90-->[com.google.firebase:firebase-auth:20.0.0] AndroidManifest.xml:29:13-46
91            android:exported="true"
91-->[com.google.firebase:firebase-auth:20.0.0] AndroidManifest.xml:30:13-36
92            android:launchMode="singleTask"
92-->[com.google.firebase:firebase-auth:20.0.0] AndroidManifest.xml:31:13-44
93            android:permission="com.google.firebase.auth.api.gms.permission.LAUNCH_FEDERATED_SIGN_IN"
93-->[com.google.firebase:firebase-auth:20.0.0] AndroidManifest.xml:32:13-102
94            android:theme="@android:style/Theme.Translucent.NoTitleBar" />
94-->[com.google.firebase:firebase-auth:20.0.0] AndroidManifest.xml:33:13-72
95        <activity
95-->[com.google.firebase:firebase-auth:20.0.0] AndroidManifest.xml:35:9-52:20
96            android:name="com.google.firebase.auth.internal.GenericIdpActivity"
96-->[com.google.firebase:firebase-auth:20.0.0] AndroidManifest.xml:36:13-80
97            android:excludeFromRecents="true"
97-->[com.google.firebase:firebase-auth:20.0.0] AndroidManifest.xml:37:13-46
98            android:exported="true"
98-->[com.google.firebase:firebase-auth:20.0.0] AndroidManifest.xml:38:13-36
99            android:launchMode="singleTask"
99-->[com.google.firebase:firebase-auth:20.0.0] AndroidManifest.xml:39:13-44
100            android:theme="@android:style/Theme.Translucent.NoTitleBar" >
100-->[com.google.firebase:firebase-auth:20.0.0] AndroidManifest.xml:40:13-72
101            <intent-filter>
101-->[com.google.firebase:firebase-auth:20.0.0] AndroidManifest.xml:41:13-51:29
102                <action android:name="android.intent.action.VIEW" />
102-->[com.google.firebase:firebase-auth:20.0.0] AndroidManifest.xml:42:17-69
102-->[com.google.firebase:firebase-auth:20.0.0] AndroidManifest.xml:42:25-66
103
104                <category android:name="android.intent.category.DEFAULT" />
104-->[com.google.firebase:firebase-auth:20.0.0] AndroidManifest.xml:44:17-76
104-->[com.google.firebase:firebase-auth:20.0.0] AndroidManifest.xml:44:27-73
105                <category android:name="android.intent.category.BROWSABLE" />
105-->[com.google.firebase:firebase-auth:20.0.0] AndroidManifest.xml:45:17-78
105-->[com.google.firebase:firebase-auth:20.0.0] AndroidManifest.xml:45:27-75
106
107                <data
107-->src/main/AndroidManifest.xml:32:17-52
108                    android:host="firebase.auth"
109                    android:path="/"
110                    android:scheme="genericidp" />
111            </intent-filter>
112        </activity>
113        <activity
113-->[com.google.firebase:firebase-auth:20.0.0] AndroidManifest.xml:53:9-70:20
114            android:name="com.google.firebase.auth.internal.RecaptchaActivity"
114-->[com.google.firebase:firebase-auth:20.0.0] AndroidManifest.xml:54:13-79
115            android:excludeFromRecents="true"
115-->[com.google.firebase:firebase-auth:20.0.0] AndroidManifest.xml:55:13-46
116            android:exported="true"
116-->[com.google.firebase:firebase-auth:20.0.0] AndroidManifest.xml:56:13-36
117            android:launchMode="singleTask"
117-->[com.google.firebase:firebase-auth:20.0.0] AndroidManifest.xml:57:13-44
118            android:theme="@android:style/Theme.Translucent.NoTitleBar" >
118-->[com.google.firebase:firebase-auth:20.0.0] AndroidManifest.xml:58:13-72
119            <intent-filter>
119-->[com.google.firebase:firebase-auth:20.0.0] AndroidManifest.xml:59:13-69:29
120                <action android:name="android.intent.action.VIEW" />
120-->[com.google.firebase:firebase-auth:20.0.0] AndroidManifest.xml:42:17-69
120-->[com.google.firebase:firebase-auth:20.0.0] AndroidManifest.xml:42:25-66
121
122                <category android:name="android.intent.category.DEFAULT" />
122-->[com.google.firebase:firebase-auth:20.0.0] AndroidManifest.xml:44:17-76
122-->[com.google.firebase:firebase-auth:20.0.0] AndroidManifest.xml:44:27-73
123                <category android:name="android.intent.category.BROWSABLE" />
123-->[com.google.firebase:firebase-auth:20.0.0] AndroidManifest.xml:45:17-78
123-->[com.google.firebase:firebase-auth:20.0.0] AndroidManifest.xml:45:27-75
124
125                <data
125-->src/main/AndroidManifest.xml:32:17-52
126                    android:host="firebase.auth"
127                    android:path="/"
128                    android:scheme="recaptcha" />
129            </intent-filter>
130        </activity>
131
132        <service
132-->[com.google.firebase:firebase-auth:20.0.0] AndroidManifest.xml:72:9-81:19
133            android:name="com.google.firebase.auth.api.fallback.service.FirebaseAuthFallbackService"
133-->[com.google.firebase:firebase-auth:20.0.0] AndroidManifest.xml:73:13-101
134            android:enabled="true"
134-->[com.google.firebase:firebase-auth:20.0.0] AndroidManifest.xml:74:13-35
135            android:exported="false" >
135-->[com.google.firebase:firebase-auth:20.0.0] AndroidManifest.xml:75:13-37
136            <intent-filter>
136-->[com.google.firebase:firebase-auth:20.0.0] AndroidManifest.xml:76:13-80:29
137                <action android:name="com.google.firebase.auth.api.gms.service.START" />
137-->[com.google.firebase:firebase-auth:20.0.0] AndroidManifest.xml:77:17-89
137-->[com.google.firebase:firebase-auth:20.0.0] AndroidManifest.xml:77:25-86
138
139                <category android:name="android.intent.category.DEFAULT" />
139-->[com.google.firebase:firebase-auth:20.0.0] AndroidManifest.xml:44:17-76
139-->[com.google.firebase:firebase-auth:20.0.0] AndroidManifest.xml:44:27-73
140            </intent-filter>
141        </service>
142        <service
142-->[com.google.firebase:firebase-auth:20.0.0] AndroidManifest.xml:82:9-88:19
143            android:name="com.google.firebase.components.ComponentDiscoveryService"
143-->[com.google.firebase:firebase-auth:20.0.0] AndroidManifest.xml:83:13-84
144            android:directBootAware="true"
144-->[com.google.firebase:firebase-common:19.3.1] AndroidManifest.xml:35:13-43
145            android:exported="false" >
145-->[com.google.firebase:firebase-auth:20.0.0] AndroidManifest.xml:84:13-37
146            <meta-data
146-->[com.google.firebase:firebase-auth:20.0.0] AndroidManifest.xml:85:13-87:85
147                android:name="com.google.firebase.components:com.google.firebase.auth.FirebaseAuthRegistrar"
147-->[com.google.firebase:firebase-auth:20.0.0] AndroidManifest.xml:86:17-109
148                android:value="com.google.firebase.components.ComponentRegistrar" />
148-->[com.google.firebase:firebase-auth:20.0.0] AndroidManifest.xml:87:17-82
149            <meta-data
149-->[com.google.firebase:firebase-messaging:21.0.0] AndroidManifest.xml:39:13-41:85
150                android:name="com.google.firebase.components:com.google.firebase.messaging.FirebaseMessagingRegistrar"
150-->[com.google.firebase:firebase-messaging:21.0.0] AndroidManifest.xml:40:17-119
151                android:value="com.google.firebase.components.ComponentRegistrar" />
151-->[com.google.firebase:firebase-messaging:21.0.0] AndroidManifest.xml:41:17-82
152            <meta-data
152-->[com.google.firebase:firebase-firestore:22.0.0] AndroidManifest.xml:20:13-22:85
153                android:name="com.google.firebase.components:com.google.firebase.firestore.FirestoreRegistrar"
153-->[com.google.firebase:firebase-firestore:22.0.0] AndroidManifest.xml:21:17-111
154                android:value="com.google.firebase.components.ComponentRegistrar" />
154-->[com.google.firebase:firebase-firestore:22.0.0] AndroidManifest.xml:22:17-82
155            <meta-data
155-->[com.google.firebase:firebase-storage:19.2.0] AndroidManifest.xml:33:13-35:85
156                android:name="com.google.firebase.components:com.google.firebase.storage.StorageRegistrar"
156-->[com.google.firebase:firebase-storage:19.2.0] AndroidManifest.xml:34:17-107
157                android:value="com.google.firebase.components.ComponentRegistrar" />
157-->[com.google.firebase:firebase-storage:19.2.0] AndroidManifest.xml:35:17-82
158            <meta-data
158-->[com.google.firebase:firebase-iid:21.0.0] AndroidManifest.xml:32:13-34:85
159                android:name="com.google.firebase.components:com.google.firebase.iid.Registrar"
159-->[com.google.firebase:firebase-iid:21.0.0] AndroidManifest.xml:33:17-96
160                android:value="com.google.firebase.components.ComponentRegistrar" />
160-->[com.google.firebase:firebase-iid:21.0.0] AndroidManifest.xml:34:17-82
161            <meta-data
161-->[com.google.firebase:firebase-datatransport:17.0.3] AndroidManifest.xml:28:13-30:85
162                android:name="com.google.firebase.components:com.google.firebase.datatransport.TransportRegistrar"
162-->[com.google.firebase:firebase-datatransport:17.0.3] AndroidManifest.xml:29:17-115
163                android:value="com.google.firebase.components.ComponentRegistrar" />
163-->[com.google.firebase:firebase-datatransport:17.0.3] AndroidManifest.xml:30:17-82
164            <meta-data
164-->[com.google.firebase:firebase-installations:16.3.3] AndroidManifest.xml:17:13-19:85
165                android:name="com.google.firebase.components:com.google.firebase.installations.FirebaseInstallationsRegistrar"
165-->[com.google.firebase:firebase-installations:16.3.3] AndroidManifest.xml:18:17-127
166                android:value="com.google.firebase.components.ComponentRegistrar" />
166-->[com.google.firebase:firebase-installations:16.3.3] AndroidManifest.xml:19:17-82
167        </service>
168        <!--
169             FirebaseMessagingService performs security checks at runtime,
170             but set to not exported to explicitly avoid allowing another app to call it.
171        -->
172        <service
172-->[com.google.firebase:firebase-messaging:21.0.0] AndroidManifest.xml:28:9-35:19
173            android:name="com.google.firebase.messaging.FirebaseMessagingService"
173-->[com.google.firebase:firebase-messaging:21.0.0] AndroidManifest.xml:29:13-82
174            android:directBootAware="true"
174-->[com.google.firebase:firebase-messaging:21.0.0] AndroidManifest.xml:30:13-43
175            android:exported="false" >
175-->[com.google.firebase:firebase-messaging:21.0.0] AndroidManifest.xml:31:13-37
176            <intent-filter android:priority="-500" >
176-->src/main/AndroidManifest.xml:53:13-55:29
177                <action android:name="com.google.firebase.MESSAGING_EVENT" />
177-->src/main/AndroidManifest.xml:54:17-78
177-->src/main/AndroidManifest.xml:54:25-75
178            </intent-filter>
179        </service>
180
181        <meta-data
181-->[com.google.maps.android:android-maps-utils:2.1.0] AndroidManifest.xml:12:9-14:69
182            android:name="com.google.android.gms.version"
182-->[com.google.maps.android:android-maps-utils:2.1.0] AndroidManifest.xml:13:13-58
183            android:value="@integer/google_play_services_version" />
183-->[com.google.maps.android:android-maps-utils:2.1.0] AndroidManifest.xml:14:13-66
184
185        <service
185-->[androidx.room:room-runtime:2.2.5] AndroidManifest.xml:25:9-28:40
186            android:name="androidx.room.MultiInstanceInvalidationService"
186-->[androidx.room:room-runtime:2.2.5] AndroidManifest.xml:26:13-74
187            android:directBootAware="true"
187-->[androidx.room:room-runtime:2.2.5] AndroidManifest.xml:27:13-43
188            android:exported="false" />
188-->[androidx.room:room-runtime:2.2.5] AndroidManifest.xml:28:13-37
189
190        <receiver
190-->[com.google.firebase:firebase-iid:21.0.0] AndroidManifest.xml:37:9-44:20
191            android:name="com.google.firebase.iid.FirebaseInstanceIdReceiver"
191-->[com.google.firebase:firebase-iid:21.0.0] AndroidManifest.xml:38:13-78
192            android:exported="true"
192-->[com.google.firebase:firebase-iid:21.0.0] AndroidManifest.xml:39:13-36
193            android:permission="com.google.android.c2dm.permission.SEND" >
193-->[com.google.firebase:firebase-iid:21.0.0] AndroidManifest.xml:40:13-73
194            <intent-filter>
194-->[com.google.firebase:firebase-iid:21.0.0] AndroidManifest.xml:41:13-43:29
195                <action android:name="com.google.android.c2dm.intent.RECEIVE" />
195-->[com.google.firebase:firebase-iid:21.0.0] AndroidManifest.xml:42:17-81
195-->[com.google.firebase:firebase-iid:21.0.0] AndroidManifest.xml:42:25-78
196            </intent-filter>
197        </receiver>
198
199        <provider
199-->[com.google.firebase:firebase-common:19.3.1] AndroidManifest.xml:26:9-31:39
200            android:name="com.google.firebase.provider.FirebaseInitProvider"
200-->[com.google.firebase:firebase-common:19.3.1] AndroidManifest.xml:27:13-77
201            android:authorities="it.univaq.mwt.ifame.firebaseinitprovider"
201-->[com.google.firebase:firebase-common:19.3.1] AndroidManifest.xml:28:13-72
202            android:directBootAware="true"
202-->[com.google.firebase:firebase-common:19.3.1] AndroidManifest.xml:29:13-43
203            android:exported="false"
203-->[com.google.firebase:firebase-common:19.3.1] AndroidManifest.xml:30:13-37
204            android:initOrder="100" />
204-->[com.google.firebase:firebase-common:19.3.1] AndroidManifest.xml:31:13-36
205
206        <activity
206-->[com.google.android.gms:play-services-base:17.3.0] AndroidManifest.xml:23:9-26:75
207            android:name="com.google.android.gms.common.api.GoogleApiActivity"
207-->[com.google.android.gms:play-services-base:17.3.0] AndroidManifest.xml:24:13-79
208            android:exported="false"
208-->[com.google.android.gms:play-services-base:17.3.0] AndroidManifest.xml:25:13-37
209            android:theme="@android:style/Theme.Translucent.NoTitleBar" />
209-->[com.google.android.gms:play-services-base:17.3.0] AndroidManifest.xml:26:13-72
210
211        <provider
211-->[androidx.lifecycle:lifecycle-process:2.2.0] AndroidManifest.xml:25:9-29:43
212            android:name="androidx.lifecycle.ProcessLifecycleOwnerInitializer"
212-->[androidx.lifecycle:lifecycle-process:2.2.0] AndroidManifest.xml:26:13-79
213            android:authorities="it.univaq.mwt.ifame.lifecycle-process"
213-->[androidx.lifecycle:lifecycle-process:2.2.0] AndroidManifest.xml:27:13-69
214            android:exported="false"
214-->[androidx.lifecycle:lifecycle-process:2.2.0] AndroidManifest.xml:28:13-37
215            android:multiprocess="true" />
215-->[androidx.lifecycle:lifecycle-process:2.2.0] AndroidManifest.xml:29:13-40
216
217        <service
217-->[com.google.android.datatransport:transport-backend-cct:2.2.0] AndroidManifest.xml:29:9-35:19
218            android:name="com.google.android.datatransport.runtime.backends.TransportBackendDiscovery"
218-->[com.google.android.datatransport:transport-backend-cct:2.2.0] AndroidManifest.xml:30:13-103
219            android:exported="false" >
219-->[com.google.android.datatransport:transport-backend-cct:2.2.0] AndroidManifest.xml:31:13-37
220            <meta-data
220-->[com.google.android.datatransport:transport-backend-cct:2.2.0] AndroidManifest.xml:32:13-34:39
221                android:name="backend:com.google.android.datatransport.cct.CctBackendFactory"
221-->[com.google.android.datatransport:transport-backend-cct:2.2.0] AndroidManifest.xml:33:17-94
222                android:value="cct" />
222-->[com.google.android.datatransport:transport-backend-cct:2.2.0] AndroidManifest.xml:34:17-36
223        </service>
224        <service
224-->[com.google.android.datatransport:transport-runtime:2.2.0] AndroidManifest.xml:26:9-30:19
225            android:name="com.google.android.datatransport.runtime.scheduling.jobscheduling.JobInfoSchedulerService"
225-->[com.google.android.datatransport:transport-runtime:2.2.0] AndroidManifest.xml:27:13-117
226            android:exported="false"
226-->[com.google.android.datatransport:transport-runtime:2.2.0] AndroidManifest.xml:28:13-37
227            android:permission="android.permission.BIND_JOB_SERVICE" >
227-->[com.google.android.datatransport:transport-runtime:2.2.0] AndroidManifest.xml:29:13-69
228        </service>
229
230        <receiver
230-->[com.google.android.datatransport:transport-runtime:2.2.0] AndroidManifest.xml:32:9-34:40
231            android:name="com.google.android.datatransport.runtime.scheduling.jobscheduling.AlarmManagerSchedulerBroadcastReceiver"
231-->[com.google.android.datatransport:transport-runtime:2.2.0] AndroidManifest.xml:33:13-132
232            android:exported="false" />
232-->[com.google.android.datatransport:transport-runtime:2.2.0] AndroidManifest.xml:34:13-37
233    </application>
234
235</manifest>